0 info it worked if it ends with ok
1 verbose cli [ '/usr/bin/node',
1 verbose cli   '/usr/bin/npm',
1 verbose cli   'run',
1 verbose cli   'eslint',
1 verbose cli   'Makefile',
1 verbose cli   'README.md',
1 verbose cli   '__tests__',
1 verbose cli   'app',
1 verbose cli   'assets',
1 verbose cli   'dist',
1 verbose cli   'jsconfig.json',
1 verbose cli   'lib',
1 verbose cli   'node_modules',
1 verbose cli   'nodemon.json',
1 verbose cli   'package-lock.json',
1 verbose cli   'package.json',
1 verbose cli   'server',
1 verbose cli   'true',
1 verbose cli   'views',
1 verbose cli   'webpack.config.js',
1 verbose cli   '--ext',
1 verbose cli   '.js',
1 verbose cli   '--ext',
1 verbose cli   '.jsx',
1 verbose cli   '--cache=true' ]
2 info using npm@6.1.0
3 info using node@v8.11.2
4 verbose run-script [ 'preeslint', 'eslint', 'posteslint' ]
5 info lifecycle frontend_l4_chat_project@0.3.0~preeslint: frontend_l4_chat_project@0.3.0
6 info lifecycle frontend_l4_chat_project@0.3.0~eslint: frontend_l4_chat_project@0.3.0
7 verbose lifecycle frontend_l4_chat_project@0.3.0~eslint: unsafe-perm in lifecycle true
8 verbose lifecycle frontend_l4_chat_project@0.3.0~eslint: PATH: /usr/lib/node_modules/npm/node_modules/npm-lifecycle/node-gyp-bin:/home/poletay/web-dev/slack/node_modules/.bin:/home/poletay/bin:/home/poletay/.local/bin:/usr/local/sbin:/usr/local/bin:/usr/sbin:/usr/bin:/sbin:/bin:/usr/games:/usr/local/games
9 verbose lifecycle frontend_l4_chat_project@0.3.0~eslint: CWD: /home/poletay/web-dev/slack
10 silly lifecycle frontend_l4_chat_project@0.3.0~eslint: Args: [ '-c',
10 silly lifecycle   'eslint "Makefile" "README.md" "__tests__" "app" "assets" "dist" "jsconfig.json" "lib" "node_modules" "nodemon.json" "package-lock.json" "package.json" "server" "true" "views" "webpack.config.js" ".js" ".jsx"' ]
11 silly lifecycle frontend_l4_chat_project@0.3.0~eslint: Returned: code: 1  signal: null
12 info lifecycle frontend_l4_chat_project@0.3.0~eslint: Failed to exec eslint script
13 verbose stack Error: frontend_l4_chat_project@0.3.0 eslint: `eslint "Makefile" "README.md" "__tests__" "app" "assets" "dist" "jsconfig.json" "lib" "node_modules" "nodemon.json" "package-lock.json" "package.json" "server" "true" "views" "webpack.config.js" ".js" ".jsx"`
13 verbose stack Exit status 1
13 verbose stack     at EventEmitter.<anonymous> (/usr/lib/node_modules/npm/node_modules/npm-lifecycle/index.js:304:16)
13 verbose stack     at emitTwo (events.js:126:13)
13 verbose stack     at EventEmitter.emit (events.js:214:7)
13 verbose stack     at ChildProcess.<anonymous> (/usr/lib/node_modules/npm/node_modules/npm-lifecycle/lib/spawn.js:55:14)
13 verbose stack     at emitTwo (events.js:126:13)
13 verbose stack     at ChildProcess.emit (events.js:214:7)
13 verbose stack     at maybeClose (internal/child_process.js:925:16)
13 verbose stack     at Process.ChildProcess._handle.onexit (internal/child_process.js:209:5)
14 verbose pkgid frontend_l4_chat_project@0.3.0
15 verbose cwd /home/poletay/web-dev/slack
16 verbose Linux 4.13.0-43-generic
17 verbose argv "/usr/bin/node" "/usr/bin/npm" "run" "eslint" "Makefile" "README.md" "__tests__" "app" "assets" "dist" "jsconfig.json" "lib" "node_modules" "nodemon.json" "package-lock.json" "package.json" "server" "true" "views" "webpack.config.js" "--ext" ".js" "--ext" ".jsx" "--cache=true"
18 verbose node v8.11.2
19 verbose npm  v6.1.0
20 error code ELIFECYCLE
21 error errno 1
22 error frontend_l4_chat_project@0.3.0 eslint: `eslint "Makefile" "README.md" "__tests__" "app" "assets" "dist" "jsconfig.json" "lib" "node_modules" "nodemon.json" "package-lock.json" "package.json" "server" "true" "views" "webpack.config.js" ".js" ".jsx"`
22 error Exit status 1
23 error Failed at the frontend_l4_chat_project@0.3.0 eslint script.
23 error This is probably not a problem with npm. There is likely additional logging output above.
24 verbose exit [ 1, true ]
